[2025-03-13 20:35:55] laravel.EMERGENCY: Unable to create configured logger. Using emergency logger. {"exception":"[object] (Illuminate\\Contracts\\Container\\BindingResolutionException(code: 0): Target class [Illuminate\\Contracts\\Log\\ContextLogProcessor] does not exist. at /mnt/wwn-0x5000c5008073af77-part1/STORM_FRAMEWORK/usage/tests/storm/vendor/illuminate/container/Container.php:1019)
[stacktrace]
#0 /mnt/wwn-0x5000c5008073af77-part1/STORM_FRAMEWORK/usage/tests/storm/vendor/illuminate/container/Container.php(890): Illuminate\\Container\\Container->build()
#1 /mnt/wwn-0x5000c5008073af77-part1/STORM_FRAMEWORK/usage/tests/storm/vendor/illuminate/container/Container.php(821): Illuminate\\Container\\Container->resolve()
#2 /mnt/wwn-0x5000c5008073af77-part1/STORM_FRAMEWORK/usage/tests/storm/vendor/illuminate/log/LogManager.php(146): Illuminate\\Container\\Container->make()
#3 /mnt/wwn-0x5000c5008073af77-part1/STORM_FRAMEWORK/usage/tests/storm/vendor/illuminate/support/helpers.php(526): Illuminate\\Log\\LogManager->Illuminate\\Log\\{closure}()
#4 /mnt/wwn-0x5000c5008073af77-part1/STORM_FRAMEWORK/usage/tests/storm/vendor/illuminate/log/LogManager.php(139): with()
#5 /mnt/wwn-0x5000c5008073af77-part1/STORM_FRAMEWORK/usage/tests/storm/vendor/illuminate/log/LogManager.php(126): Illuminate\\Log\\LogManager->get()
#6 /mnt/wwn-0x5000c5008073af77-part1/STORM_FRAMEWORK/usage/tests/storm/vendor/illuminate/log/LogManager.php(692): Illuminate\\Log\\LogManager->driver()
#7 /mnt/wwn-0x5000c5008073af77-part1/STORM_FRAMEWORK/usage/tests/storm/vendor/illuminate/support/Facades/Facade.php(361): Illuminate\\Log\\LogManager->error()
#8 /mnt/wwn-0x5000c5008073af77-part1/STORM_FRAMEWORK/usage/tests/storm/app/api/Controllers/TelephonesController.php(68): Illuminate\\Support\\Facades\\Facade::__callStatic()
#9 [internal function]: App\\api\\Controllers\\TelephonesController->show()
#10 /mnt/wwn-0x5000c5008073af77-part1/STORM_FRAMEWORK/usage/tests/storm/vendor/storm/framework/src/Routes/Route.php(163): call_user_func_array()
#11 /mnt/wwn-0x5000c5008073af77-part1/STORM_FRAMEWORK/usage/tests/storm/vendor/storm/framework/src/Routes/Route.php(136): StormBin\\Package\\Routes\\Route::execute()
#12 /mnt/wwn-0x5000c5008073af77-part1/STORM_FRAMEWORK/usage/tests/storm/vendor/storm/framework/src/Routes/Route.php(90): StormBin\\Package\\Routes\\Route::handleRoute()
#13 /mnt/wwn-0x5000c5008073af77-part1/STORM_FRAMEWORK/usage/tests/storm/public/index.php(14): StormBin\\Package\\Routes\\Route::dispatch()
#14 {main}

[previous exception] [object] (ReflectionException(code: -1): Class \"Illuminate\\Contracts\\Log\\ContextLogProcessor\" does not exist at /mnt/wwn-0x5000c5008073af77-part1/STORM_FRAMEWORK/usage/tests/storm/vendor/illuminate/container/Container.php:1017)
[stacktrace]
#0 /mnt/wwn-0x5000c5008073af77-part1/STORM_FRAMEWORK/usage/tests/storm/vendor/illuminate/container/Container.php(1017): ReflectionClass->__construct()
#1 /mnt/wwn-0x5000c5008073af77-part1/STORM_FRAMEWORK/usage/tests/storm/vendor/illuminate/container/Container.php(890): Illuminate\\Container\\Container->build()
#2 /mnt/wwn-0x5000c5008073af77-part1/STORM_FRAMEWORK/usage/tests/storm/vendor/illuminate/container/Container.php(821): Illuminate\\Container\\Container->resolve()
#3 /mnt/wwn-0x5000c5008073af77-part1/STORM_FRAMEWORK/usage/tests/storm/vendor/illuminate/log/LogManager.php(146): Illuminate\\Container\\Container->make()
#4 /mnt/wwn-0x5000c5008073af77-part1/STORM_FRAMEWORK/usage/tests/storm/vendor/illuminate/support/helpers.php(526): Illuminate\\Log\\LogManager->Illuminate\\Log\\{closure}()
#5 /mnt/wwn-0x5000c5008073af77-part1/STORM_FRAMEWORK/usage/tests/storm/vendor/illuminate/log/LogManager.php(139): with()
#6 /mnt/wwn-0x5000c5008073af77-part1/STORM_FRAMEWORK/usage/tests/storm/vendor/illuminate/log/LogManager.php(126): Illuminate\\Log\\LogManager->get()
#7 /mnt/wwn-0x5000c5008073af77-part1/STORM_FRAMEWORK/usage/tests/storm/vendor/illuminate/log/LogManager.php(692): Illuminate\\Log\\LogManager->driver()
#8 /mnt/wwn-0x5000c5008073af77-part1/STORM_FRAMEWORK/usage/tests/storm/vendor/illuminate/support/Facades/Facade.php(361): Illuminate\\Log\\LogManager->error()
#9 /mnt/wwn-0x5000c5008073af77-part1/STORM_FRAMEWORK/usage/tests/storm/app/api/Controllers/TelephonesController.php(68): Illuminate\\Support\\Facades\\Facade::__callStatic()
#10 [internal function]: App\\api\\Controllers\\TelephonesController->show()
#11 /mnt/wwn-0x5000c5008073af77-part1/STORM_FRAMEWORK/usage/tests/storm/vendor/storm/framework/src/Routes/Route.php(163): call_user_func_array()
#12 /mnt/wwn-0x5000c5008073af77-part1/STORM_FRAMEWORK/usage/tests/storm/vendor/storm/framework/src/Routes/Route.php(136): StormBin\\Package\\Routes\\Route::execute()
#13 /mnt/wwn-0x5000c5008073af77-part1/STORM_FRAMEWORK/usage/tests/storm/vendor/storm/framework/src/Routes/Route.php(90): StormBin\\Package\\Routes\\Route::handleRoute()
#14 /mnt/wwn-0x5000c5008073af77-part1/STORM_FRAMEWORK/usage/tests/storm/public/index.php(14): StormBin\\Package\\Routes\\Route::dispatch()
#15 {main}
"} 
[2025-03-13 20:35:55] laravel.ERROR: Erreur lors de la récupération de la ressource : Method Illuminate\Http\Response::json does not exist.  
[2025-03-13 20:35:57] laravel.EMERGENCY: Unable to create configured logger. Using emergency logger. {"exception":"[object] (Illuminate\\Contracts\\Container\\BindingResolutionException(code: 0): Target class [Illuminate\\Contracts\\Log\\ContextLogProcessor] does not exist. at /mnt/wwn-0x5000c5008073af77-part1/STORM_FRAMEWORK/usage/tests/storm/vendor/illuminate/container/Container.php:1019)
[stacktrace]
#0 /mnt/wwn-0x5000c5008073af77-part1/STORM_FRAMEWORK/usage/tests/storm/vendor/illuminate/container/Container.php(890): Illuminate\\Container\\Container->build()
#1 /mnt/wwn-0x5000c5008073af77-part1/STORM_FRAMEWORK/usage/tests/storm/vendor/illuminate/container/Container.php(821): Illuminate\\Container\\Container->resolve()
#2 /mnt/wwn-0x5000c5008073af77-part1/STORM_FRAMEWORK/usage/tests/storm/vendor/illuminate/log/LogManager.php(146): Illuminate\\Container\\Container->make()
#3 /mnt/wwn-0x5000c5008073af77-part1/STORM_FRAMEWORK/usage/tests/storm/vendor/illuminate/support/helpers.php(526): Illuminate\\Log\\LogManager->Illuminate\\Log\\{closure}()
#4 /mnt/wwn-0x5000c5008073af77-part1/STORM_FRAMEWORK/usage/tests/storm/vendor/illuminate/log/LogManager.php(139): with()
#5 /mnt/wwn-0x5000c5008073af77-part1/STORM_FRAMEWORK/usage/tests/storm/vendor/illuminate/log/LogManager.php(126): Illuminate\\Log\\LogManager->get()
#6 /mnt/wwn-0x5000c5008073af77-part1/STORM_FRAMEWORK/usage/tests/storm/vendor/illuminate/log/LogManager.php(692): Illuminate\\Log\\LogManager->driver()
#7 /mnt/wwn-0x5000c5008073af77-part1/STORM_FRAMEWORK/usage/tests/storm/vendor/illuminate/support/Facades/Facade.php(361): Illuminate\\Log\\LogManager->error()
#8 /mnt/wwn-0x5000c5008073af77-part1/STORM_FRAMEWORK/usage/tests/storm/app/api/Controllers/TelephonesController.php(68): Illuminate\\Support\\Facades\\Facade::__callStatic()
#9 [internal function]: App\\api\\Controllers\\TelephonesController->show()
#10 /mnt/wwn-0x5000c5008073af77-part1/STORM_FRAMEWORK/usage/tests/storm/vendor/storm/framework/src/Routes/Route.php(163): call_user_func_array()
#11 /mnt/wwn-0x5000c5008073af77-part1/STORM_FRAMEWORK/usage/tests/storm/vendor/storm/framework/src/Routes/Route.php(136): StormBin\\Package\\Routes\\Route::execute()
#12 /mnt/wwn-0x5000c5008073af77-part1/STORM_FRAMEWORK/usage/tests/storm/vendor/storm/framework/src/Routes/Route.php(90): StormBin\\Package\\Routes\\Route::handleRoute()
#13 /mnt/wwn-0x5000c5008073af77-part1/STORM_FRAMEWORK/usage/tests/storm/public/index.php(14): StormBin\\Package\\Routes\\Route::dispatch()
#14 {main}

[previous exception] [object] (ReflectionException(code: -1): Class \"Illuminate\\Contracts\\Log\\ContextLogProcessor\" does not exist at /mnt/wwn-0x5000c5008073af77-part1/STORM_FRAMEWORK/usage/tests/storm/vendor/illuminate/container/Container.php:1017)
[stacktrace]
#0 /mnt/wwn-0x5000c5008073af77-part1/STORM_FRAMEWORK/usage/tests/storm/vendor/illuminate/container/Container.php(1017): ReflectionClass->__construct()
#1 /mnt/wwn-0x5000c5008073af77-part1/STORM_FRAMEWORK/usage/tests/storm/vendor/illuminate/container/Container.php(890): Illuminate\\Container\\Container->build()
#2 /mnt/wwn-0x5000c5008073af77-part1/STORM_FRAMEWORK/usage/tests/storm/vendor/illuminate/container/Container.php(821): Illuminate\\Container\\Container->resolve()
#3 /mnt/wwn-0x5000c5008073af77-part1/STORM_FRAMEWORK/usage/tests/storm/vendor/illuminate/log/LogManager.php(146): Illuminate\\Container\\Container->make()
#4 /mnt/wwn-0x5000c5008073af77-part1/STORM_FRAMEWORK/usage/tests/storm/vendor/illuminate/support/helpers.php(526): Illuminate\\Log\\LogManager->Illuminate\\Log\\{closure}()
#5 /mnt/wwn-0x5000c5008073af77-part1/STORM_FRAMEWORK/usage/tests/storm/vendor/illuminate/log/LogManager.php(139): with()
#6 /mnt/wwn-0x5000c5008073af77-part1/STORM_FRAMEWORK/usage/tests/storm/vendor/illuminate/log/LogManager.php(126): Illuminate\\Log\\LogManager->get()
#7 /mnt/wwn-0x5000c5008073af77-part1/STORM_FRAMEWORK/usage/tests/storm/vendor/illuminate/log/LogManager.php(692): Illuminate\\Log\\LogManager->driver()
#8 /mnt/wwn-0x5000c5008073af77-part1/STORM_FRAMEWORK/usage/tests/storm/vendor/illuminate/support/Facades/Facade.php(361): Illuminate\\Log\\LogManager->error()
#9 /mnt/wwn-0x5000c5008073af77-part1/STORM_FRAMEWORK/usage/tests/storm/app/api/Controllers/TelephonesController.php(68): Illuminate\\Support\\Facades\\Facade::__callStatic()
#10 [internal function]: App\\api\\Controllers\\TelephonesController->show()
#11 /mnt/wwn-0x5000c5008073af77-part1/STORM_FRAMEWORK/usage/tests/storm/vendor/storm/framework/src/Routes/Route.php(163): call_user_func_array()
#12 /mnt/wwn-0x5000c5008073af77-part1/STORM_FRAMEWORK/usage/tests/storm/vendor/storm/framework/src/Routes/Route.php(136): StormBin\\Package\\Routes\\Route::execute()
#13 /mnt/wwn-0x5000c5008073af77-part1/STORM_FRAMEWORK/usage/tests/storm/vendor/storm/framework/src/Routes/Route.php(90): StormBin\\Package\\Routes\\Route::handleRoute()
#14 /mnt/wwn-0x5000c5008073af77-part1/STORM_FRAMEWORK/usage/tests/storm/public/index.php(14): StormBin\\Package\\Routes\\Route::dispatch()
#15 {main}
"} 
[2025-03-13 20:35:57] laravel.ERROR: Erreur lors de la récupération de la ressource : Method Illuminate\Http\Response::json does not exist.  
[2025-03-13 20:36:14] laravel.EMERGENCY: Unable to create configured logger. Using emergency logger. {"exception":"[object] (Illuminate\\Contracts\\Container\\BindingResolutionException(code: 0): Target class [Illuminate\\Contracts\\Log\\ContextLogProcessor] does not exist. at /mnt/wwn-0x5000c5008073af77-part1/STORM_FRAMEWORK/usage/tests/storm/vendor/illuminate/container/Container.php:1019)
[stacktrace]
#0 /mnt/wwn-0x5000c5008073af77-part1/STORM_FRAMEWORK/usage/tests/storm/vendor/illuminate/container/Container.php(890): Illuminate\\Container\\Container->build()
#1 /mnt/wwn-0x5000c5008073af77-part1/STORM_FRAMEWORK/usage/tests/storm/vendor/illuminate/container/Container.php(821): Illuminate\\Container\\Container->resolve()
#2 /mnt/wwn-0x5000c5008073af77-part1/STORM_FRAMEWORK/usage/tests/storm/vendor/illuminate/log/LogManager.php(146): Illuminate\\Container\\Container->make()
#3 /mnt/wwn-0x5000c5008073af77-part1/STORM_FRAMEWORK/usage/tests/storm/vendor/illuminate/support/helpers.php(526): Illuminate\\Log\\LogManager->Illuminate\\Log\\{closure}()
#4 /mnt/wwn-0x5000c5008073af77-part1/STORM_FRAMEWORK/usage/tests/storm/vendor/illuminate/log/LogManager.php(139): with()
#5 /mnt/wwn-0x5000c5008073af77-part1/STORM_FRAMEWORK/usage/tests/storm/vendor/illuminate/log/LogManager.php(126): Illuminate\\Log\\LogManager->get()
#6 /mnt/wwn-0x5000c5008073af77-part1/STORM_FRAMEWORK/usage/tests/storm/vendor/illuminate/log/LogManager.php(692): Illuminate\\Log\\LogManager->driver()
#7 /mnt/wwn-0x5000c5008073af77-part1/STORM_FRAMEWORK/usage/tests/storm/vendor/illuminate/support/Facades/Facade.php(361): Illuminate\\Log\\LogManager->error()
#8 /mnt/wwn-0x5000c5008073af77-part1/STORM_FRAMEWORK/usage/tests/storm/app/api/Controllers/TelephonesController.php(26): Illuminate\\Support\\Facades\\Facade::__callStatic()
#9 [internal function]: App\\api\\Controllers\\TelephonesController->index()
#10 /mnt/wwn-0x5000c5008073af77-part1/STORM_FRAMEWORK/usage/tests/storm/vendor/storm/framework/src/Routes/Route.php(163): call_user_func_array()
#11 /mnt/wwn-0x5000c5008073af77-part1/STORM_FRAMEWORK/usage/tests/storm/vendor/storm/framework/src/Routes/Route.php(136): StormBin\\Package\\Routes\\Route::execute()
#12 /mnt/wwn-0x5000c5008073af77-part1/STORM_FRAMEWORK/usage/tests/storm/vendor/storm/framework/src/Routes/Route.php(90): StormBin\\Package\\Routes\\Route::handleRoute()
#13 /mnt/wwn-0x5000c5008073af77-part1/STORM_FRAMEWORK/usage/tests/storm/public/index.php(14): StormBin\\Package\\Routes\\Route::dispatch()
#14 {main}

[previous exception] [object] (ReflectionException(code: -1): Class \"Illuminate\\Contracts\\Log\\ContextLogProcessor\" does not exist at /mnt/wwn-0x5000c5008073af77-part1/STORM_FRAMEWORK/usage/tests/storm/vendor/illuminate/container/Container.php:1017)
[stacktrace]
#0 /mnt/wwn-0x5000c5008073af77-part1/STORM_FRAMEWORK/usage/tests/storm/vendor/illuminate/container/Container.php(1017): ReflectionClass->__construct()
#1 /mnt/wwn-0x5000c5008073af77-part1/STORM_FRAMEWORK/usage/tests/storm/vendor/illuminate/container/Container.php(890): Illuminate\\Container\\Container->build()
#2 /mnt/wwn-0x5000c5008073af77-part1/STORM_FRAMEWORK/usage/tests/storm/vendor/illuminate/container/Container.php(821): Illuminate\\Container\\Container->resolve()
#3 /mnt/wwn-0x5000c5008073af77-part1/STORM_FRAMEWORK/usage/tests/storm/vendor/illuminate/log/LogManager.php(146): Illuminate\\Container\\Container->make()
#4 /mnt/wwn-0x5000c5008073af77-part1/STORM_FRAMEWORK/usage/tests/storm/vendor/illuminate/support/helpers.php(526): Illuminate\\Log\\LogManager->Illuminate\\Log\\{closure}()
#5 /mnt/wwn-0x5000c5008073af77-part1/STORM_FRAMEWORK/usage/tests/storm/vendor/illuminate/log/LogManager.php(139): with()
#6 /mnt/wwn-0x5000c5008073af77-part1/STORM_FRAMEWORK/usage/tests/storm/vendor/illuminate/log/LogManager.php(126): Illuminate\\Log\\LogManager->get()
#7 /mnt/wwn-0x5000c5008073af77-part1/STORM_FRAMEWORK/usage/tests/storm/vendor/illuminate/log/LogManager.php(692): Illuminate\\Log\\LogManager->driver()
#8 /mnt/wwn-0x5000c5008073af77-part1/STORM_FRAMEWORK/usage/tests/storm/vendor/illuminate/support/Facades/Facade.php(361): Illuminate\\Log\\LogManager->error()
#9 /mnt/wwn-0x5000c5008073af77-part1/STORM_FRAMEWORK/usage/tests/storm/app/api/Controllers/TelephonesController.php(26): Illuminate\\Support\\Facades\\Facade::__callStatic()
#10 [internal function]: App\\api\\Controllers\\TelephonesController->index()
#11 /mnt/wwn-0x5000c5008073af77-part1/STORM_FRAMEWORK/usage/tests/storm/vendor/storm/framework/src/Routes/Route.php(163): call_user_func_array()
#12 /mnt/wwn-0x5000c5008073af77-part1/STORM_FRAMEWORK/usage/tests/storm/vendor/storm/framework/src/Routes/Route.php(136): StormBin\\Package\\Routes\\Route::execute()
#13 /mnt/wwn-0x5000c5008073af77-part1/STORM_FRAMEWORK/usage/tests/storm/vendor/storm/framework/src/Routes/Route.php(90): StormBin\\Package\\Routes\\Route::handleRoute()
#14 /mnt/wwn-0x5000c5008073af77-part1/STORM_FRAMEWORK/usage/tests/storm/public/index.php(14): StormBin\\Package\\Routes\\Route::dispatch()
#15 {main}
"} 
[2025-03-13 20:36:14] laravel.ERROR: Erreur lors de la récupération des ressources : Method Illuminate\Http\Response::json does not exist.  
[2025-03-13 21:04:17] laravel.EMERGENCY: Unable to create configured logger. Using emergency logger. {"exception":"[object] (Illuminate\\Contracts\\Container\\BindingResolutionException(code: 0): Target class [Illuminate\\Contracts\\Log\\ContextLogProcessor] does not exist. at /mnt/wwn-0x5000c5008073af77-part1/STORM_FRAMEWORK/usage/tests/storm/vendor/illuminate/container/Container.php:1019)
[stacktrace]
#0 /mnt/wwn-0x5000c5008073af77-part1/STORM_FRAMEWORK/usage/tests/storm/vendor/illuminate/container/Container.php(890): Illuminate\\Container\\Container->build()
#1 /mnt/wwn-0x5000c5008073af77-part1/STORM_FRAMEWORK/usage/tests/storm/vendor/illuminate/container/Container.php(821): Illuminate\\Container\\Container->resolve()
#2 /mnt/wwn-0x5000c5008073af77-part1/STORM_FRAMEWORK/usage/tests/storm/vendor/illuminate/log/LogManager.php(146): Illuminate\\Container\\Container->make()
#3 /mnt/wwn-0x5000c5008073af77-part1/STORM_FRAMEWORK/usage/tests/storm/vendor/illuminate/support/helpers.php(526): Illuminate\\Log\\LogManager->Illuminate\\Log\\{closure}()
#4 /mnt/wwn-0x5000c5008073af77-part1/STORM_FRAMEWORK/usage/tests/storm/vendor/illuminate/log/LogManager.php(139): with()
#5 /mnt/wwn-0x5000c5008073af77-part1/STORM_FRAMEWORK/usage/tests/storm/vendor/illuminate/log/LogManager.php(126): Illuminate\\Log\\LogManager->get()
#6 /mnt/wwn-0x5000c5008073af77-part1/STORM_FRAMEWORK/usage/tests/storm/vendor/illuminate/log/LogManager.php(692): Illuminate\\Log\\LogManager->driver()
#7 /mnt/wwn-0x5000c5008073af77-part1/STORM_FRAMEWORK/usage/tests/storm/vendor/illuminate/support/Facades/Facade.php(361): Illuminate\\Log\\LogManager->error()
#8 /mnt/wwn-0x5000c5008073af77-part1/STORM_FRAMEWORK/usage/tests/storm/app/api/Controllers/TelephonesController.php(68): Illuminate\\Support\\Facades\\Facade::__callStatic()
#9 [internal function]: App\\api\\Controllers\\TelephonesController->show()
#10 /mnt/wwn-0x5000c5008073af77-part1/STORM_FRAMEWORK/usage/tests/storm/vendor/storm/framework/src/Routes/Route.php(163): call_user_func_array()
#11 /mnt/wwn-0x5000c5008073af77-part1/STORM_FRAMEWORK/usage/tests/storm/vendor/storm/framework/src/Routes/Route.php(136): StormBin\\Package\\Routes\\Route::execute()
#12 /mnt/wwn-0x5000c5008073af77-part1/STORM_FRAMEWORK/usage/tests/storm/vendor/storm/framework/src/Routes/Route.php(90): StormBin\\Package\\Routes\\Route::handleRoute()
#13 /mnt/wwn-0x5000c5008073af77-part1/STORM_FRAMEWORK/usage/tests/storm/public/index.php(14): StormBin\\Package\\Routes\\Route::dispatch()
#14 {main}

[previous exception] [object] (ReflectionException(code: -1): Class \"Illuminate\\Contracts\\Log\\ContextLogProcessor\" does not exist at /mnt/wwn-0x5000c5008073af77-part1/STORM_FRAMEWORK/usage/tests/storm/vendor/illuminate/container/Container.php:1017)
[stacktrace]
#0 /mnt/wwn-0x5000c5008073af77-part1/STORM_FRAMEWORK/usage/tests/storm/vendor/illuminate/container/Container.php(1017): ReflectionClass->__construct()
#1 /mnt/wwn-0x5000c5008073af77-part1/STORM_FRAMEWORK/usage/tests/storm/vendor/illuminate/container/Container.php(890): Illuminate\\Container\\Container->build()
#2 /mnt/wwn-0x5000c5008073af77-part1/STORM_FRAMEWORK/usage/tests/storm/vendor/illuminate/container/Container.php(821): Illuminate\\Container\\Container->resolve()
#3 /mnt/wwn-0x5000c5008073af77-part1/STORM_FRAMEWORK/usage/tests/storm/vendor/illuminate/log/LogManager.php(146): Illuminate\\Container\\Container->make()
#4 /mnt/wwn-0x5000c5008073af77-part1/STORM_FRAMEWORK/usage/tests/storm/vendor/illuminate/support/helpers.php(526): Illuminate\\Log\\LogManager->Illuminate\\Log\\{closure}()
#5 /mnt/wwn-0x5000c5008073af77-part1/STORM_FRAMEWORK/usage/tests/storm/vendor/illuminate/log/LogManager.php(139): with()
#6 /mnt/wwn-0x5000c5008073af77-part1/STORM_FRAMEWORK/usage/tests/storm/vendor/illuminate/log/LogManager.php(126): Illuminate\\Log\\LogManager->get()
#7 /mnt/wwn-0x5000c5008073af77-part1/STORM_FRAMEWORK/usage/tests/storm/vendor/illuminate/log/LogManager.php(692): Illuminate\\Log\\LogManager->driver()
#8 /mnt/wwn-0x5000c5008073af77-part1/STORM_FRAMEWORK/usage/tests/storm/vendor/illuminate/support/Facades/Facade.php(361): Illuminate\\Log\\LogManager->error()
#9 /mnt/wwn-0x5000c5008073af77-part1/STORM_FRAMEWORK/usage/tests/storm/app/api/Controllers/TelephonesController.php(68): Illuminate\\Support\\Facades\\Facade::__callStatic()
#10 [internal function]: App\\api\\Controllers\\TelephonesController->show()
#11 /mnt/wwn-0x5000c5008073af77-part1/STORM_FRAMEWORK/usage/tests/storm/vendor/storm/framework/src/Routes/Route.php(163): call_user_func_array()
#12 /mnt/wwn-0x5000c5008073af77-part1/STORM_FRAMEWORK/usage/tests/storm/vendor/storm/framework/src/Routes/Route.php(136): StormBin\\Package\\Routes\\Route::execute()
#13 /mnt/wwn-0x5000c5008073af77-part1/STORM_FRAMEWORK/usage/tests/storm/vendor/storm/framework/src/Routes/Route.php(90): StormBin\\Package\\Routes\\Route::handleRoute()
#14 /mnt/wwn-0x5000c5008073af77-part1/STORM_FRAMEWORK/usage/tests/storm/public/index.php(14): StormBin\\Package\\Routes\\Route::dispatch()
#15 {main}
"} 
[2025-03-13 21:04:17] laravel.ERROR: Erreur lors de la récupération de la ressource : SQLSTATE[22P02]: Invalid text representation: 7 ERROR:  invalid input syntax for type bigint: "store"
CONTEXT:  unnamed portal parameter $1 = '...' (Connection: default, SQL: select * from "telephones" where "telephones"."id" = store limit 1)  
[2025-03-13 21:59:11] laravel.EMERGENCY: Unable to create configured logger. Using emergency logger. {"exception":"[object] (Illuminate\\Contracts\\Container\\BindingResolutionException(code: 0): Target class [Illuminate\\Contracts\\Log\\ContextLogProcessor] does not exist. at /mnt/wwn-0x5000c5008073af77-part1/STORM_FRAMEWORK/usage/tests/storm/vendor/illuminate/container/Container.php:1019)
[stacktrace]
#0 /mnt/wwn-0x5000c5008073af77-part1/STORM_FRAMEWORK/usage/tests/storm/vendor/illuminate/container/Container.php(890): Illuminate\\Container\\Container->build()
#1 /mnt/wwn-0x5000c5008073af77-part1/STORM_FRAMEWORK/usage/tests/storm/vendor/illuminate/container/Container.php(821): Illuminate\\Container\\Container->resolve()
#2 /mnt/wwn-0x5000c5008073af77-part1/STORM_FRAMEWORK/usage/tests/storm/vendor/illuminate/log/LogManager.php(146): Illuminate\\Container\\Container->make()
#3 /mnt/wwn-0x5000c5008073af77-part1/STORM_FRAMEWORK/usage/tests/storm/vendor/illuminate/support/helpers.php(526): Illuminate\\Log\\LogManager->Illuminate\\Log\\{closure}()
#4 /mnt/wwn-0x5000c5008073af77-part1/STORM_FRAMEWORK/usage/tests/storm/vendor/illuminate/log/LogManager.php(139): with()
#5 /mnt/wwn-0x5000c5008073af77-part1/STORM_FRAMEWORK/usage/tests/storm/vendor/illuminate/log/LogManager.php(126): Illuminate\\Log\\LogManager->get()
#6 /mnt/wwn-0x5000c5008073af77-part1/STORM_FRAMEWORK/usage/tests/storm/vendor/illuminate/log/LogManager.php(692): Illuminate\\Log\\LogManager->driver()
#7 /mnt/wwn-0x5000c5008073af77-part1/STORM_FRAMEWORK/usage/tests/storm/vendor/illuminate/support/Facades/Facade.php(361): Illuminate\\Log\\LogManager->error()
#8 /mnt/wwn-0x5000c5008073af77-part1/STORM_FRAMEWORK/usage/tests/storm/app/api/Controllers/TelephonesController.php(107): Illuminate\\Support\\Facades\\Facade::__callStatic()
#9 [internal function]: App\\api\\Controllers\\TelephonesController->show()
#10 /mnt/wwn-0x5000c5008073af77-part1/STORM_FRAMEWORK/usage/tests/storm/vendor/storm/framework/src/Routes/Route.php(163): call_user_func_array()
#11 /mnt/wwn-0x5000c5008073af77-part1/STORM_FRAMEWORK/usage/tests/storm/vendor/storm/framework/src/Routes/Route.php(136): StormBin\\Package\\Routes\\Route::execute()
#12 /mnt/wwn-0x5000c5008073af77-part1/STORM_FRAMEWORK/usage/tests/storm/vendor/storm/framework/src/Routes/Route.php(90): StormBin\\Package\\Routes\\Route::handleRoute()
#13 /mnt/wwn-0x5000c5008073af77-part1/STORM_FRAMEWORK/usage/tests/storm/public/index.php(14): StormBin\\Package\\Routes\\Route::dispatch()
#14 {main}

[previous exception] [object] (ReflectionException(code: -1): Class \"Illuminate\\Contracts\\Log\\ContextLogProcessor\" does not exist at /mnt/wwn-0x5000c5008073af77-part1/STORM_FRAMEWORK/usage/tests/storm/vendor/illuminate/container/Container.php:1017)
[stacktrace]
#0 /mnt/wwn-0x5000c5008073af77-part1/STORM_FRAMEWORK/usage/tests/storm/vendor/illuminate/container/Container.php(1017): ReflectionClass->__construct()
#1 /mnt/wwn-0x5000c5008073af77-part1/STORM_FRAMEWORK/usage/tests/storm/vendor/illuminate/container/Container.php(890): Illuminate\\Container\\Container->build()
#2 /mnt/wwn-0x5000c5008073af77-part1/STORM_FRAMEWORK/usage/tests/storm/vendor/illuminate/container/Container.php(821): Illuminate\\Container\\Container->resolve()
#3 /mnt/wwn-0x5000c5008073af77-part1/STORM_FRAMEWORK/usage/tests/storm/vendor/illuminate/log/LogManager.php(146): Illuminate\\Container\\Container->make()
#4 /mnt/wwn-0x5000c5008073af77-part1/STORM_FRAMEWORK/usage/tests/storm/vendor/illuminate/support/helpers.php(526): Illuminate\\Log\\LogManager->Illuminate\\Log\\{closure}()
#5 /mnt/wwn-0x5000c5008073af77-part1/STORM_FRAMEWORK/usage/tests/storm/vendor/illuminate/log/LogManager.php(139): with()
#6 /mnt/wwn-0x5000c5008073af77-part1/STORM_FRAMEWORK/usage/tests/storm/vendor/illuminate/log/LogManager.php(126): Illuminate\\Log\\LogManager->get()
#7 /mnt/wwn-0x5000c5008073af77-part1/STORM_FRAMEWORK/usage/tests/storm/vendor/illuminate/log/LogManager.php(692): Illuminate\\Log\\LogManager->driver()
#8 /mnt/wwn-0x5000c5008073af77-part1/STORM_FRAMEWORK/usage/tests/storm/vendor/illuminate/support/Facades/Facade.php(361): Illuminate\\Log\\LogManager->error()
#9 /mnt/wwn-0x5000c5008073af77-part1/STORM_FRAMEWORK/usage/tests/storm/app/api/Controllers/TelephonesController.php(107): Illuminate\\Support\\Facades\\Facade::__callStatic()
#10 [internal function]: App\\api\\Controllers\\TelephonesController->show()
#11 /mnt/wwn-0x5000c5008073af77-part1/STORM_FRAMEWORK/usage/tests/storm/vendor/storm/framework/src/Routes/Route.php(163): call_user_func_array()
#12 /mnt/wwn-0x5000c5008073af77-part1/STORM_FRAMEWORK/usage/tests/storm/vendor/storm/framework/src/Routes/Route.php(136): StormBin\\Package\\Routes\\Route::execute()
#13 /mnt/wwn-0x5000c5008073af77-part1/STORM_FRAMEWORK/usage/tests/storm/vendor/storm/framework/src/Routes/Route.php(90): StormBin\\Package\\Routes\\Route::handleRoute()
#14 /mnt/wwn-0x5000c5008073af77-part1/STORM_FRAMEWORK/usage/tests/storm/public/index.php(14): StormBin\\Package\\Routes\\Route::dispatch()
#15 {main}
"} 
[2025-03-13 21:59:11] laravel.ERROR: Erreur lors de la récupération de la ressource : SQLSTATE[22P02]: Invalid text representation: 7 ERROR:  invalid input syntax for type bigint: "store"
CONTEXT:  unnamed portal parameter $1 = '...' (Connection: default, SQL: select * from "telephones" where "telephones"."id" = store limit 1)  
[2025-03-13 21:59:48] laravel.EMERGENCY: Unable to create configured logger. Using emergency logger. {"exception":"[object] (Illuminate\\Contracts\\Container\\BindingResolutionException(code: 0): Target class [Illuminate\\Contracts\\Log\\ContextLogProcessor] does not exist. at /mnt/wwn-0x5000c5008073af77-part1/STORM_FRAMEWORK/usage/tests/storm/vendor/illuminate/container/Container.php:1019)
[stacktrace]
#0 /mnt/wwn-0x5000c5008073af77-part1/STORM_FRAMEWORK/usage/tests/storm/vendor/illuminate/container/Container.php(890): Illuminate\\Container\\Container->build()
#1 /mnt/wwn-0x5000c5008073af77-part1/STORM_FRAMEWORK/usage/tests/storm/vendor/illuminate/container/Container.php(821): Illuminate\\Container\\Container->resolve()
#2 /mnt/wwn-0x5000c5008073af77-part1/STORM_FRAMEWORK/usage/tests/storm/vendor/illuminate/log/LogManager.php(146): Illuminate\\Container\\Container->make()
#3 /mnt/wwn-0x5000c5008073af77-part1/STORM_FRAMEWORK/usage/tests/storm/vendor/illuminate/support/helpers.php(526): Illuminate\\Log\\LogManager->Illuminate\\Log\\{closure}()
#4 /mnt/wwn-0x5000c5008073af77-part1/STORM_FRAMEWORK/usage/tests/storm/vendor/illuminate/log/LogManager.php(139): with()
#5 /mnt/wwn-0x5000c5008073af77-part1/STORM_FRAMEWORK/usage/tests/storm/vendor/illuminate/log/LogManager.php(126): Illuminate\\Log\\LogManager->get()
#6 /mnt/wwn-0x5000c5008073af77-part1/STORM_FRAMEWORK/usage/tests/storm/vendor/illuminate/log/LogManager.php(692): Illuminate\\Log\\LogManager->driver()
#7 /mnt/wwn-0x5000c5008073af77-part1/STORM_FRAMEWORK/usage/tests/storm/vendor/illuminate/support/Facades/Facade.php(361): Illuminate\\Log\\LogManager->error()
#8 /mnt/wwn-0x5000c5008073af77-part1/STORM_FRAMEWORK/usage/tests/storm/app/api/Controllers/TelephonesController.php(107): Illuminate\\Support\\Facades\\Facade::__callStatic()
#9 [internal function]: App\\api\\Controllers\\TelephonesController->show()
#10 /mnt/wwn-0x5000c5008073af77-part1/STORM_FRAMEWORK/usage/tests/storm/vendor/storm/framework/src/Routes/Route.php(163): call_user_func_array()
#11 /mnt/wwn-0x5000c5008073af77-part1/STORM_FRAMEWORK/usage/tests/storm/vendor/storm/framework/src/Routes/Route.php(136): StormBin\\Package\\Routes\\Route::execute()
#12 /mnt/wwn-0x5000c5008073af77-part1/STORM_FRAMEWORK/usage/tests/storm/vendor/storm/framework/src/Routes/Route.php(90): StormBin\\Package\\Routes\\Route::handleRoute()
#13 /mnt/wwn-0x5000c5008073af77-part1/STORM_FRAMEWORK/usage/tests/storm/public/index.php(14): StormBin\\Package\\Routes\\Route::dispatch()
#14 {main}

[previous exception] [object] (ReflectionException(code: -1): Class \"Illuminate\\Contracts\\Log\\ContextLogProcessor\" does not exist at /mnt/wwn-0x5000c5008073af77-part1/STORM_FRAMEWORK/usage/tests/storm/vendor/illuminate/container/Container.php:1017)
[stacktrace]
#0 /mnt/wwn-0x5000c5008073af77-part1/STORM_FRAMEWORK/usage/tests/storm/vendor/illuminate/container/Container.php(1017): ReflectionClass->__construct()
#1 /mnt/wwn-0x5000c5008073af77-part1/STORM_FRAMEWORK/usage/tests/storm/vendor/illuminate/container/Container.php(890): Illuminate\\Container\\Container->build()
#2 /mnt/wwn-0x5000c5008073af77-part1/STORM_FRAMEWORK/usage/tests/storm/vendor/illuminate/container/Container.php(821): Illuminate\\Container\\Container->resolve()
#3 /mnt/wwn-0x5000c5008073af77-part1/STORM_FRAMEWORK/usage/tests/storm/vendor/illuminate/log/LogManager.php(146): Illuminate\\Container\\Container->make()
#4 /mnt/wwn-0x5000c5008073af77-part1/STORM_FRAMEWORK/usage/tests/storm/vendor/illuminate/support/helpers.php(526): Illuminate\\Log\\LogManager->Illuminate\\Log\\{closure}()
#5 /mnt/wwn-0x5000c5008073af77-part1/STORM_FRAMEWORK/usage/tests/storm/vendor/illuminate/log/LogManager.php(139): with()
#6 /mnt/wwn-0x5000c5008073af77-part1/STORM_FRAMEWORK/usage/tests/storm/vendor/illuminate/log/LogManager.php(126): Illuminate\\Log\\LogManager->get()
#7 /mnt/wwn-0x5000c5008073af77-part1/STORM_FRAMEWORK/usage/tests/storm/vendor/illuminate/log/LogManager.php(692): Illuminate\\Log\\LogManager->driver()
#8 /mnt/wwn-0x5000c5008073af77-part1/STORM_FRAMEWORK/usage/tests/storm/vendor/illuminate/support/Facades/Facade.php(361): Illuminate\\Log\\LogManager->error()
#9 /mnt/wwn-0x5000c5008073af77-part1/STORM_FRAMEWORK/usage/tests/storm/app/api/Controllers/TelephonesController.php(107): Illuminate\\Support\\Facades\\Facade::__callStatic()
#10 [internal function]: App\\api\\Controllers\\TelephonesController->show()
#11 /mnt/wwn-0x5000c5008073af77-part1/STORM_FRAMEWORK/usage/tests/storm/vendor/storm/framework/src/Routes/Route.php(163): call_user_func_array()
#12 /mnt/wwn-0x5000c5008073af77-part1/STORM_FRAMEWORK/usage/tests/storm/vendor/storm/framework/src/Routes/Route.php(136): StormBin\\Package\\Routes\\Route::execute()
#13 /mnt/wwn-0x5000c5008073af77-part1/STORM_FRAMEWORK/usage/tests/storm/vendor/storm/framework/src/Routes/Route.php(90): StormBin\\Package\\Routes\\Route::handleRoute()
#14 /mnt/wwn-0x5000c5008073af77-part1/STORM_FRAMEWORK/usage/tests/storm/public/index.php(14): StormBin\\Package\\Routes\\Route::dispatch()
#15 {main}
"} 
[2025-03-13 21:59:48] laravel.ERROR: Erreur lors de la récupération de la ressource : SQLSTATE[22P02]: Invalid text representation: 7 ERROR:  invalid input syntax for type bigint: "store"
CONTEXT:  unnamed portal parameter $1 = '...' (Connection: default, SQL: select * from "telephones" where "telephones"."id" = store limit 1)  
[2025-03-13 22:41:34] laravel.EMERGENCY: Unable to create configured logger. Using emergency logger. {"exception":"[object] (Illuminate\\Contracts\\Container\\BindingResolutionException(code: 0): Target class [Illuminate\\Contracts\\Log\\ContextLogProcessor] does not exist. at /mnt/wwn-0x5000c5008073af77-part1/STORM_FRAMEWORK/usage/tests/storm/vendor/illuminate/container/Container.php:1019)
[stacktrace]
#0 /mnt/wwn-0x5000c5008073af77-part1/STORM_FRAMEWORK/usage/tests/storm/vendor/illuminate/container/Container.php(890): Illuminate\\Container\\Container->build()
#1 /mnt/wwn-0x5000c5008073af77-part1/STORM_FRAMEWORK/usage/tests/storm/vendor/illuminate/container/Container.php(821): Illuminate\\Container\\Container->resolve()
#2 /mnt/wwn-0x5000c5008073af77-part1/STORM_FRAMEWORK/usage/tests/storm/vendor/illuminate/log/LogManager.php(146): Illuminate\\Container\\Container->make()
#3 /mnt/wwn-0x5000c5008073af77-part1/STORM_FRAMEWORK/usage/tests/storm/vendor/illuminate/support/helpers.php(526): Illuminate\\Log\\LogManager->Illuminate\\Log\\{closure}()
#4 /mnt/wwn-0x5000c5008073af77-part1/STORM_FRAMEWORK/usage/tests/storm/vendor/illuminate/log/LogManager.php(139): with()
#5 /mnt/wwn-0x5000c5008073af77-part1/STORM_FRAMEWORK/usage/tests/storm/vendor/illuminate/log/LogManager.php(126): Illuminate\\Log\\LogManager->get()
#6 /mnt/wwn-0x5000c5008073af77-part1/STORM_FRAMEWORK/usage/tests/storm/vendor/illuminate/log/LogManager.php(692): Illuminate\\Log\\LogManager->driver()
#7 /mnt/wwn-0x5000c5008073af77-part1/STORM_FRAMEWORK/usage/tests/storm/vendor/illuminate/support/Facades/Facade.php(361): Illuminate\\Log\\LogManager->error()
#8 /mnt/wwn-0x5000c5008073af77-part1/STORM_FRAMEWORK/usage/tests/storm/app/api/Controllers/TachesController.php(72): Illuminate\\Support\\Facades\\Facade::__callStatic()
#9 [internal function]: App\\api\\Controllers\\TachesController->store()
#10 /mnt/wwn-0x5000c5008073af77-part1/STORM_FRAMEWORK/usage/tests/storm/vendor/storm/framework/src/Routes/Route.php(163): call_user_func_array()
#11 /mnt/wwn-0x5000c5008073af77-part1/STORM_FRAMEWORK/usage/tests/storm/vendor/storm/framework/src/Routes/Route.php(136): StormBin\\Package\\Routes\\Route::execute()
#12 /mnt/wwn-0x5000c5008073af77-part1/STORM_FRAMEWORK/usage/tests/storm/vendor/storm/framework/src/Routes/Route.php(90): StormBin\\Package\\Routes\\Route::handleRoute()
#13 /mnt/wwn-0x5000c5008073af77-part1/STORM_FRAMEWORK/usage/tests/storm/public/index.php(14): StormBin\\Package\\Routes\\Route::dispatch()
#14 {main}

[previous exception] [object] (ReflectionException(code: -1): Class \"Illuminate\\Contracts\\Log\\ContextLogProcessor\" does not exist at /mnt/wwn-0x5000c5008073af77-part1/STORM_FRAMEWORK/usage/tests/storm/vendor/illuminate/container/Container.php:1017)
[stacktrace]
#0 /mnt/wwn-0x5000c5008073af77-part1/STORM_FRAMEWORK/usage/tests/storm/vendor/illuminate/container/Container.php(1017): ReflectionClass->__construct()
#1 /mnt/wwn-0x5000c5008073af77-part1/STORM_FRAMEWORK/usage/tests/storm/vendor/illuminate/container/Container.php(890): Illuminate\\Container\\Container->build()
#2 /mnt/wwn-0x5000c5008073af77-part1/STORM_FRAMEWORK/usage/tests/storm/vendor/illuminate/container/Container.php(821): Illuminate\\Container\\Container->resolve()
#3 /mnt/wwn-0x5000c5008073af77-part1/STORM_FRAMEWORK/usage/tests/storm/vendor/illuminate/log/LogManager.php(146): Illuminate\\Container\\Container->make()
#4 /mnt/wwn-0x5000c5008073af77-part1/STORM_FRAMEWORK/usage/tests/storm/vendor/illuminate/support/helpers.php(526): Illuminate\\Log\\LogManager->Illuminate\\Log\\{closure}()
#5 /mnt/wwn-0x5000c5008073af77-part1/STORM_FRAMEWORK/usage/tests/storm/vendor/illuminate/log/LogManager.php(139): with()
#6 /mnt/wwn-0x5000c5008073af77-part1/STORM_FRAMEWORK/usage/tests/storm/vendor/illuminate/log/LogManager.php(126): Illuminate\\Log\\LogManager->get()
#7 /mnt/wwn-0x5000c5008073af77-part1/STORM_FRAMEWORK/usage/tests/storm/vendor/illuminate/log/LogManager.php(692): Illuminate\\Log\\LogManager->driver()
#8 /mnt/wwn-0x5000c5008073af77-part1/STORM_FRAMEWORK/usage/tests/storm/vendor/illuminate/support/Facades/Facade.php(361): Illuminate\\Log\\LogManager->error()
#9 /mnt/wwn-0x5000c5008073af77-part1/STORM_FRAMEWORK/usage/tests/storm/app/api/Controllers/TachesController.php(72): Illuminate\\Support\\Facades\\Facade::__callStatic()
#10 [internal function]: App\\api\\Controllers\\TachesController->store()
#11 /mnt/wwn-0x5000c5008073af77-part1/STORM_FRAMEWORK/usage/tests/storm/vendor/storm/framework/src/Routes/Route.php(163): call_user_func_array()
#12 /mnt/wwn-0x5000c5008073af77-part1/STORM_FRAMEWORK/usage/tests/storm/vendor/storm/framework/src/Routes/Route.php(136): StormBin\\Package\\Routes\\Route::execute()
#13 /mnt/wwn-0x5000c5008073af77-part1/STORM_FRAMEWORK/usage/tests/storm/vendor/storm/framework/src/Routes/Route.php(90): StormBin\\Package\\Routes\\Route::handleRoute()
#14 /mnt/wwn-0x5000c5008073af77-part1/STORM_FRAMEWORK/usage/tests/storm/public/index.php(14): StormBin\\Package\\Routes\\Route::dispatch()
#15 {main}
"} 
[2025-03-13 22:41:34] laravel.ERROR: Erreur lors de la création de la ressource : SQLSTATE[42703]: Undefined column: 7 ERROR:  column "id" does not exist
LINE 1: ..."created_at") values ($1, $2, $3, $4, $5, $6) returning "id"
                                                                   ^ (Connection: default, SQL: insert into "taches" ("id_tache", "nom", "description", "id_user", "updated_at", "created_at") values (54, sdf, xwsdfg, 1, 2025-03-13 22:41:34, 2025-03-13 22:41:34) returning "id")  
[2025-03-13 22:41:45] laravel.EMERGENCY: Unable to create configured logger. Using emergency logger. {"exception":"[object] (Illuminate\\Contracts\\Container\\BindingResolutionException(code: 0): Target class [Illuminate\\Contracts\\Log\\ContextLogProcessor] does not exist. at /mnt/wwn-0x5000c5008073af77-part1/STORM_FRAMEWORK/usage/tests/storm/vendor/illuminate/container/Container.php:1019)
[stacktrace]
#0 /mnt/wwn-0x5000c5008073af77-part1/STORM_FRAMEWORK/usage/tests/storm/vendor/illuminate/container/Container.php(890): Illuminate\\Container\\Container->build()
#1 /mnt/wwn-0x5000c5008073af77-part1/STORM_FRAMEWORK/usage/tests/storm/vendor/illuminate/container/Container.php(821): Illuminate\\Container\\Container->resolve()
#2 /mnt/wwn-0x5000c5008073af77-part1/STORM_FRAMEWORK/usage/tests/storm/vendor/illuminate/log/LogManager.php(146): Illuminate\\Container\\Container->make()
#3 /mnt/wwn-0x5000c5008073af77-part1/STORM_FRAMEWORK/usage/tests/storm/vendor/illuminate/support/helpers.php(526): Illuminate\\Log\\LogManager->Illuminate\\Log\\{closure}()
#4 /mnt/wwn-0x5000c5008073af77-part1/STORM_FRAMEWORK/usage/tests/storm/vendor/illuminate/log/LogManager.php(139): with()
#5 /mnt/wwn-0x5000c5008073af77-part1/STORM_FRAMEWORK/usage/tests/storm/vendor/illuminate/log/LogManager.php(126): Illuminate\\Log\\LogManager->get()
#6 /mnt/wwn-0x5000c5008073af77-part1/STORM_FRAMEWORK/usage/tests/storm/vendor/illuminate/log/LogManager.php(692): Illuminate\\Log\\LogManager->driver()
#7 /mnt/wwn-0x5000c5008073af77-part1/STORM_FRAMEWORK/usage/tests/storm/vendor/illuminate/support/Facades/Facade.php(361): Illuminate\\Log\\LogManager->error()
#8 /mnt/wwn-0x5000c5008073af77-part1/STORM_FRAMEWORK/usage/tests/storm/app/api/Controllers/TachesController.php(72): Illuminate\\Support\\Facades\\Facade::__callStatic()
#9 [internal function]: App\\api\\Controllers\\TachesController->store()
#10 /mnt/wwn-0x5000c5008073af77-part1/STORM_FRAMEWORK/usage/tests/storm/vendor/storm/framework/src/Routes/Route.php(163): call_user_func_array()
#11 /mnt/wwn-0x5000c5008073af77-part1/STORM_FRAMEWORK/usage/tests/storm/vendor/storm/framework/src/Routes/Route.php(136): StormBin\\Package\\Routes\\Route::execute()
#12 /mnt/wwn-0x5000c5008073af77-part1/STORM_FRAMEWORK/usage/tests/storm/vendor/storm/framework/src/Routes/Route.php(90): StormBin\\Package\\Routes\\Route::handleRoute()
#13 /mnt/wwn-0x5000c5008073af77-part1/STORM_FRAMEWORK/usage/tests/storm/public/index.php(14): StormBin\\Package\\Routes\\Route::dispatch()
#14 {main}

[previous exception] [object] (ReflectionException(code: -1): Class \"Illuminate\\Contracts\\Log\\ContextLogProcessor\" does not exist at /mnt/wwn-0x5000c5008073af77-part1/STORM_FRAMEWORK/usage/tests/storm/vendor/illuminate/container/Container.php:1017)
[stacktrace]
#0 /mnt/wwn-0x5000c5008073af77-part1/STORM_FRAMEWORK/usage/tests/storm/vendor/illuminate/container/Container.php(1017): ReflectionClass->__construct()
#1 /mnt/wwn-0x5000c5008073af77-part1/STORM_FRAMEWORK/usage/tests/storm/vendor/illuminate/container/Container.php(890): Illuminate\\Container\\Container->build()
#2 /mnt/wwn-0x5000c5008073af77-part1/STORM_FRAMEWORK/usage/tests/storm/vendor/illuminate/container/Container.php(821): Illuminate\\Container\\Container->resolve()
#3 /mnt/wwn-0x5000c5008073af77-part1/STORM_FRAMEWORK/usage/tests/storm/vendor/illuminate/log/LogManager.php(146): Illuminate\\Container\\Container->make()
#4 /mnt/wwn-0x5000c5008073af77-part1/STORM_FRAMEWORK/usage/tests/storm/vendor/illuminate/support/helpers.php(526): Illuminate\\Log\\LogManager->Illuminate\\Log\\{closure}()
#5 /mnt/wwn-0x5000c5008073af77-part1/STORM_FRAMEWORK/usage/tests/storm/vendor/illuminate/log/LogManager.php(139): with()
#6 /mnt/wwn-0x5000c5008073af77-part1/STORM_FRAMEWORK/usage/tests/storm/vendor/illuminate/log/LogManager.php(126): Illuminate\\Log\\LogManager->get()
#7 /mnt/wwn-0x5000c5008073af77-part1/STORM_FRAMEWORK/usage/tests/storm/vendor/illuminate/log/LogManager.php(692): Illuminate\\Log\\LogManager->driver()
#8 /mnt/wwn-0x5000c5008073af77-part1/STORM_FRAMEWORK/usage/tests/storm/vendor/illuminate/support/Facades/Facade.php(361): Illuminate\\Log\\LogManager->error()
#9 /mnt/wwn-0x5000c5008073af77-part1/STORM_FRAMEWORK/usage/tests/storm/app/api/Controllers/TachesController.php(72): Illuminate\\Support\\Facades\\Facade::__callStatic()
#10 [internal function]: App\\api\\Controllers\\TachesController->store()
#11 /mnt/wwn-0x5000c5008073af77-part1/STORM_FRAMEWORK/usage/tests/storm/vendor/storm/framework/src/Routes/Route.php(163): call_user_func_array()
#12 /mnt/wwn-0x5000c5008073af77-part1/STORM_FRAMEWORK/usage/tests/storm/vendor/storm/framework/src/Routes/Route.php(136): StormBin\\Package\\Routes\\Route::execute()
#13 /mnt/wwn-0x5000c5008073af77-part1/STORM_FRAMEWORK/usage/tests/storm/vendor/storm/framework/src/Routes/Route.php(90): StormBin\\Package\\Routes\\Route::handleRoute()
#14 /mnt/wwn-0x5000c5008073af77-part1/STORM_FRAMEWORK/usage/tests/storm/public/index.php(14): StormBin\\Package\\Routes\\Route::dispatch()
#15 {main}
"} 
[2025-03-13 22:41:45] laravel.ERROR: Erreur lors de la création de la ressource : SQLSTATE[42703]: Undefined column: 7 ERROR:  column "id" does not exist
LINE 1: ..."created_at") values ($1, $2, $3, $4, $5, $6) returning "id"
                                                                   ^ (Connection: default, SQL: insert into "taches" ("id_tache", "nom", "description", "id_user", "updated_at", "created_at") values (1, sdf, xwsdfg, 1, 2025-03-13 22:41:45, 2025-03-13 22:41:45) returning "id")  
[2025-03-14 12:22:29] laravel.EMERGENCY: Unable to create configured logger. Using emergency logger. {"exception":"[object] (Illuminate\\Contracts\\Container\\BindingResolutionException(code: 0): Target class [Illuminate\\Contracts\\Log\\ContextLogProcessor] does not exist. at /mnt/wwn-0x5000c5008073af77-part1/STORM_FRAMEWORK/usage/tests/storm/vendor/illuminate/container/Container.php:1019)
[stacktrace]
#0 /mnt/wwn-0x5000c5008073af77-part1/STORM_FRAMEWORK/usage/tests/storm/vendor/illuminate/container/Container.php(890): Illuminate\\Container\\Container->build()
#1 /mnt/wwn-0x5000c5008073af77-part1/STORM_FRAMEWORK/usage/tests/storm/vendor/illuminate/container/Container.php(821): Illuminate\\Container\\Container->resolve()
#2 /mnt/wwn-0x5000c5008073af77-part1/STORM_FRAMEWORK/usage/tests/storm/vendor/illuminate/log/LogManager.php(146): Illuminate\\Container\\Container->make()
#3 /mnt/wwn-0x5000c5008073af77-part1/STORM_FRAMEWORK/usage/tests/storm/vendor/illuminate/support/helpers.php(526): Illuminate\\Log\\LogManager->Illuminate\\Log\\{closure}()
#4 /mnt/wwn-0x5000c5008073af77-part1/STORM_FRAMEWORK/usage/tests/storm/vendor/illuminate/log/LogManager.php(139): with()
#5 /mnt/wwn-0x5000c5008073af77-part1/STORM_FRAMEWORK/usage/tests/storm/vendor/illuminate/log/LogManager.php(126): Illuminate\\Log\\LogManager->get()
#6 /mnt/wwn-0x5000c5008073af77-part1/STORM_FRAMEWORK/usage/tests/storm/vendor/illuminate/log/LogManager.php(692): Illuminate\\Log\\LogManager->driver()
#7 /mnt/wwn-0x5000c5008073af77-part1/STORM_FRAMEWORK/usage/tests/storm/vendor/illuminate/support/Facades/Facade.php(361): Illuminate\\Log\\LogManager->error()
#8 /mnt/wwn-0x5000c5008073af77-part1/STORM_FRAMEWORK/usage/tests/storm/app/web/Controllers/TachesController.php(27): Illuminate\\Support\\Facades\\Facade::__callStatic()
#9 [internal function]: App\\web\\Controllers\\TachesController->index()
#10 /mnt/wwn-0x5000c5008073af77-part1/STORM_FRAMEWORK/usage/tests/storm/vendor/storm/framework/src/Routes/Route.php(163): call_user_func_array()
#11 /mnt/wwn-0x5000c5008073af77-part1/STORM_FRAMEWORK/usage/tests/storm/vendor/storm/framework/src/Routes/Route.php(136): StormBin\\Package\\Routes\\Route::execute()
#12 /mnt/wwn-0x5000c5008073af77-part1/STORM_FRAMEWORK/usage/tests/storm/vendor/storm/framework/src/Routes/Route.php(90): StormBin\\Package\\Routes\\Route::handleRoute()
#13 /mnt/wwn-0x5000c5008073af77-part1/STORM_FRAMEWORK/usage/tests/storm/public/index.php(14): StormBin\\Package\\Routes\\Route::dispatch()
#14 {main}

[previous exception] [object] (ReflectionException(code: -1): Class \"Illuminate\\Contracts\\Log\\ContextLogProcessor\" does not exist at /mnt/wwn-0x5000c5008073af77-part1/STORM_FRAMEWORK/usage/tests/storm/vendor/illuminate/container/Container.php:1017)
[stacktrace]
#0 /mnt/wwn-0x5000c5008073af77-part1/STORM_FRAMEWORK/usage/tests/storm/vendor/illuminate/container/Container.php(1017): ReflectionClass->__construct()
#1 /mnt/wwn-0x5000c5008073af77-part1/STORM_FRAMEWORK/usage/tests/storm/vendor/illuminate/container/Container.php(890): Illuminate\\Container\\Container->build()
#2 /mnt/wwn-0x5000c5008073af77-part1/STORM_FRAMEWORK/usage/tests/storm/vendor/illuminate/container/Container.php(821): Illuminate\\Container\\Container->resolve()
#3 /mnt/wwn-0x5000c5008073af77-part1/STORM_FRAMEWORK/usage/tests/storm/vendor/illuminate/log/LogManager.php(146): Illuminate\\Container\\Container->make()
#4 /mnt/wwn-0x5000c5008073af77-part1/STORM_FRAMEWORK/usage/tests/storm/vendor/illuminate/support/helpers.php(526): Illuminate\\Log\\LogManager->Illuminate\\Log\\{closure}()
#5 /mnt/wwn-0x5000c5008073af77-part1/STORM_FRAMEWORK/usage/tests/storm/vendor/illuminate/log/LogManager.php(139): with()
#6 /mnt/wwn-0x5000c5008073af77-part1/STORM_FRAMEWORK/usage/tests/storm/vendor/illuminate/log/LogManager.php(126): Illuminate\\Log\\LogManager->get()
#7 /mnt/wwn-0x5000c5008073af77-part1/STORM_FRAMEWORK/usage/tests/storm/vendor/illuminate/log/LogManager.php(692): Illuminate\\Log\\LogManager->driver()
#8 /mnt/wwn-0x5000c5008073af77-part1/STORM_FRAMEWORK/usage/tests/storm/vendor/illuminate/support/Facades/Facade.php(361): Illuminate\\Log\\LogManager->error()
#9 /mnt/wwn-0x5000c5008073af77-part1/STORM_FRAMEWORK/usage/tests/storm/app/web/Controllers/TachesController.php(27): Illuminate\\Support\\Facades\\Facade::__callStatic()
#10 [internal function]: App\\web\\Controllers\\TachesController->index()
#11 /mnt/wwn-0x5000c5008073af77-part1/STORM_FRAMEWORK/usage/tests/storm/vendor/storm/framework/src/Routes/Route.php(163): call_user_func_array()
#12 /mnt/wwn-0x5000c5008073af77-part1/STORM_FRAMEWORK/usage/tests/storm/vendor/storm/framework/src/Routes/Route.php(136): StormBin\\Package\\Routes\\Route::execute()
#13 /mnt/wwn-0x5000c5008073af77-part1/STORM_FRAMEWORK/usage/tests/storm/vendor/storm/framework/src/Routes/Route.php(90): StormBin\\Package\\Routes\\Route::handleRoute()
#14 /mnt/wwn-0x5000c5008073af77-part1/STORM_FRAMEWORK/usage/tests/storm/public/index.php(14): StormBin\\Package\\Routes\\Route::dispatch()
#15 {main}
"} 
[2025-03-14 12:22:29] laravel.ERROR: Erreur lors de la récupération des ressources : View [Taches.index] not found.  
[2025-03-14 12:22:31] laravel.EMERGENCY: Unable to create configured logger. Using emergency logger. {"exception":"[object] (Illuminate\\Contracts\\Container\\BindingResolutionException(code: 0): Target class [Illuminate\\Contracts\\Log\\ContextLogProcessor] does not exist. at /mnt/wwn-0x5000c5008073af77-part1/STORM_FRAMEWORK/usage/tests/storm/vendor/illuminate/container/Container.php:1019)
[stacktrace]
#0 /mnt/wwn-0x5000c5008073af77-part1/STORM_FRAMEWORK/usage/tests/storm/vendor/illuminate/container/Container.php(890): Illuminate\\Container\\Container->build()
#1 /mnt/wwn-0x5000c5008073af77-part1/STORM_FRAMEWORK/usage/tests/storm/vendor/illuminate/container/Container.php(821): Illuminate\\Container\\Container->resolve()
#2 /mnt/wwn-0x5000c5008073af77-part1/STORM_FRAMEWORK/usage/tests/storm/vendor/illuminate/log/LogManager.php(146): Illuminate\\Container\\Container->make()
#3 /mnt/wwn-0x5000c5008073af77-part1/STORM_FRAMEWORK/usage/tests/storm/vendor/illuminate/support/helpers.php(526): Illuminate\\Log\\LogManager->Illuminate\\Log\\{closure}()
#4 /mnt/wwn-0x5000c5008073af77-part1/STORM_FRAMEWORK/usage/tests/storm/vendor/illuminate/log/LogManager.php(139): with()
#5 /mnt/wwn-0x5000c5008073af77-part1/STORM_FRAMEWORK/usage/tests/storm/vendor/illuminate/log/LogManager.php(126): Illuminate\\Log\\LogManager->get()
#6 /mnt/wwn-0x5000c5008073af77-part1/STORM_FRAMEWORK/usage/tests/storm/vendor/illuminate/log/LogManager.php(692): Illuminate\\Log\\LogManager->driver()
#7 /mnt/wwn-0x5000c5008073af77-part1/STORM_FRAMEWORK/usage/tests/storm/vendor/illuminate/support/Facades/Facade.php(361): Illuminate\\Log\\LogManager->error()
#8 /mnt/wwn-0x5000c5008073af77-part1/STORM_FRAMEWORK/usage/tests/storm/app/web/Controllers/TachesController.php(27): Illuminate\\Support\\Facades\\Facade::__callStatic()
#9 [internal function]: App\\web\\Controllers\\TachesController->index()
#10 /mnt/wwn-0x5000c5008073af77-part1/STORM_FRAMEWORK/usage/tests/storm/vendor/storm/framework/src/Routes/Route.php(163): call_user_func_array()
#11 /mnt/wwn-0x5000c5008073af77-part1/STORM_FRAMEWORK/usage/tests/storm/vendor/storm/framework/src/Routes/Route.php(136): StormBin\\Package\\Routes\\Route::execute()
#12 /mnt/wwn-0x5000c5008073af77-part1/STORM_FRAMEWORK/usage/tests/storm/vendor/storm/framework/src/Routes/Route.php(90): StormBin\\Package\\Routes\\Route::handleRoute()
#13 /mnt/wwn-0x5000c5008073af77-part1/STORM_FRAMEWORK/usage/tests/storm/public/index.php(14): StormBin\\Package\\Routes\\Route::dispatch()
#14 {main}

[previous exception] [object] (ReflectionException(code: -1): Class \"Illuminate\\Contracts\\Log\\ContextLogProcessor\" does not exist at /mnt/wwn-0x5000c5008073af77-part1/STORM_FRAMEWORK/usage/tests/storm/vendor/illuminate/container/Container.php:1017)
[stacktrace]
#0 /mnt/wwn-0x5000c5008073af77-part1/STORM_FRAMEWORK/usage/tests/storm/vendor/illuminate/container/Container.php(1017): ReflectionClass->__construct()
#1 /mnt/wwn-0x5000c5008073af77-part1/STORM_FRAMEWORK/usage/tests/storm/vendor/illuminate/container/Container.php(890): Illuminate\\Container\\Container->build()
#2 /mnt/wwn-0x5000c5008073af77-part1/STORM_FRAMEWORK/usage/tests/storm/vendor/illuminate/container/Container.php(821): Illuminate\\Container\\Container->resolve()
#3 /mnt/wwn-0x5000c5008073af77-part1/STORM_FRAMEWORK/usage/tests/storm/vendor/illuminate/log/LogManager.php(146): Illuminate\\Container\\Container->make()
#4 /mnt/wwn-0x5000c5008073af77-part1/STORM_FRAMEWORK/usage/tests/storm/vendor/illuminate/support/helpers.php(526): Illuminate\\Log\\LogManager->Illuminate\\Log\\{closure}()
#5 /mnt/wwn-0x5000c5008073af77-part1/STORM_FRAMEWORK/usage/tests/storm/vendor/illuminate/log/LogManager.php(139): with()
#6 /mnt/wwn-0x5000c5008073af77-part1/STORM_FRAMEWORK/usage/tests/storm/vendor/illuminate/log/LogManager.php(126): Illuminate\\Log\\LogManager->get()
#7 /mnt/wwn-0x5000c5008073af77-part1/STORM_FRAMEWORK/usage/tests/storm/vendor/illuminate/log/LogManager.php(692): Illuminate\\Log\\LogManager->driver()
#8 /mnt/wwn-0x5000c5008073af77-part1/STORM_FRAMEWORK/usage/tests/storm/vendor/illuminate/support/Facades/Facade.php(361): Illuminate\\Log\\LogManager->error()
#9 /mnt/wwn-0x5000c5008073af77-part1/STORM_FRAMEWORK/usage/tests/storm/app/web/Controllers/TachesController.php(27): Illuminate\\Support\\Facades\\Facade::__callStatic()
#10 [internal function]: App\\web\\Controllers\\TachesController->index()
#11 /mnt/wwn-0x5000c5008073af77-part1/STORM_FRAMEWORK/usage/tests/storm/vendor/storm/framework/src/Routes/Route.php(163): call_user_func_array()
#12 /mnt/wwn-0x5000c5008073af77-part1/STORM_FRAMEWORK/usage/tests/storm/vendor/storm/framework/src/Routes/Route.php(136): StormBin\\Package\\Routes\\Route::execute()
#13 /mnt/wwn-0x5000c5008073af77-part1/STORM_FRAMEWORK/usage/tests/storm/vendor/storm/framework/src/Routes/Route.php(90): StormBin\\Package\\Routes\\Route::handleRoute()
#14 /mnt/wwn-0x5000c5008073af77-part1/STORM_FRAMEWORK/usage/tests/storm/public/index.php(14): StormBin\\Package\\Routes\\Route::dispatch()
#15 {main}
"} 
[2025-03-14 12:22:31] laravel.ERROR: Erreur lors de la récupération des ressources : View [Taches.index] not found.  
